<?xml version="1.0" encoding="UTF-8"?>
<!-- Generated by org.testng.reporters.JUnitReportReporter -->
<testsuite skipped="0" hostname="PBLAP802" name="core.ExcelReport" tests="1" failures="0" timestamp="05 Feb 2019 08:02:38 GMT" time="4.899" errors="0">
  <testcase name="getDiesel" time="4.899" classname="core.ExcelReport"/>
</testsuite> <!-- core.ExcelReport -->
