<?xml version="1.0" encoding="UTF-8"?>
<!-- Generated by org.testng.reporters.JUnitReportReporter -->
<testsuite skipped="0" hostname="PBLAP802" name="core.ApiTest" tests="1" failures="0" timestamp="06 Feb 2019 13:45:48 GMT" time="0.961" errors="0">
  <testcase name="returnapi" time="0.961" classname="core.ApiTest"/>
</testsuite> <!-- core.ApiTest -->
